ERROR main com.jvmfuzzing.generator.VariableComponent - Object... argsa = null

Encountered unexpected token: "..." "..."
    at line 1, column 7.

Was expecting one of:

    "enum"
    "exports"
    "module"
    "open"
    "opens"
    "provides"
    "record"
    "requires"
    "strictfp"
    "to"
    "transitive"
    "uses"
    "with"
    "yield"
    <IDENTIFIER>

Problem stacktrace : 
  com.github.javaparser.GeneratedJavaParser.generateParseException(GeneratedJavaParser.java:13690)
  com.github.javaparser.GeneratedJavaParser.jj_consume_token(GeneratedJavaParser.java:13536)
  com.github.javaparser.GeneratedJavaParser.Identifier(GeneratedJavaParser.java:3364)
  com.github.javaparser.GeneratedJavaParser.SimpleName(GeneratedJavaParser.java:3262)
  com.github.javaparser.GeneratedJavaParser.VariableDeclaratorId(GeneratedJavaParser.java:1787)
  com.github.javaparser.GeneratedJavaParser.VariableDeclarator(GeneratedJavaParser.java:1743)
  com.github.javaparser.GeneratedJavaParser.VariableDeclarationExpression(GeneratedJavaParser.java:5782)
  com.github.javaparser.GeneratedJavaParser.VariableDeclarationExpressionParseStart(GeneratedJavaParser.java:8239)
  com.github.javaparser.JavaParser.parse(JavaParser.java:123)
  com.github.javaparser.JavaParser.parseVariableDeclarationExpr(JavaParser.java:426)
  com.github.javaparser.StaticJavaParser.parseVariableDeclarationExpr(StaticJavaParser.java:364)
  com.jvmfuzzing.generator.VariableComponent.formatVarValue(VariableComponent.java:39)
  com.jvmfuzzing.generator.VariableComponent.<init>(VariableComponent.java:24)
  com.jvmfuzzing.generator.UnprimitiveGenerator.generateUnprimitive(UnprimitiveGenerator.java:146)
  com.jvmfuzzing.generator.VariableGenerater.generateDec(VariableGenerater.java:133)
  com.jvmfuzzing.apigetter.Mutator.replaceMethodCall(Mutator.java:232)
  com.jvmfuzzing.apigetter.Mutator.mutateInEachMethod(Mutator.java:129)
  com.jvmfuzzing.apigetter.Mutator.callMutator(Mutator.java:44)
  com.jvmfuzzing.mutation_by_all.Main.Insert(Main.java:168)
  com.jvmfuzzing.mutation_by_all.Main.Insert_Cov(Main.java:71)
  com.jvmfuzzing.mutation_by_all.Main.main(Main.java:454)

ERROR main com.jvmfuzzing.generator.VariableComponent - Object... argsa = null

Encountered unexpected token: "..." "..."
    at line 1, column 7.

Was expecting one of:

    "enum"
    "exports"
    "module"
    "open"
    "opens"
    "provides"
    "record"
    "requires"
    "strictfp"
    "to"
    "transitive"
    "uses"
    "with"
    "yield"
    <IDENTIFIER>

Problem stacktrace : 
  com.github.javaparser.GeneratedJavaParser.generateParseException(GeneratedJavaParser.java:13690)
  com.github.javaparser.GeneratedJavaParser.jj_consume_token(GeneratedJavaParser.java:13536)
  com.github.javaparser.GeneratedJavaParser.Identifier(GeneratedJavaParser.java:3364)
  com.github.javaparser.GeneratedJavaParser.SimpleName(GeneratedJavaParser.java:3262)
  com.github.javaparser.GeneratedJavaParser.VariableDeclaratorId(GeneratedJavaParser.java:1787)
  com.github.javaparser.GeneratedJavaParser.VariableDeclarator(GeneratedJavaParser.java:1743)
  com.github.javaparser.GeneratedJavaParser.VariableDeclarationExpression(GeneratedJavaParser.java:5782)
  com.github.javaparser.GeneratedJavaParser.VariableDeclarationExpressionParseStart(GeneratedJavaParser.java:8239)
  com.github.javaparser.JavaParser.parse(JavaParser.java:123)
  com.github.javaparser.JavaParser.parseVariableDeclarationExpr(JavaParser.java:426)
  com.github.javaparser.StaticJavaParser.parseVariableDeclarationExpr(StaticJavaParser.java:364)
  com.jvmfuzzing.generator.VariableComponent.formatVarValue(VariableComponent.java:39)
  com.jvmfuzzing.generator.VariableComponent.<init>(VariableComponent.java:24)
  com.jvmfuzzing.generator.UnprimitiveGenerator.generateUnprimitive(UnprimitiveGenerator.java:146)
  com.jvmfuzzing.generator.VariableGenerater.generateDec(VariableGenerater.java:133)
  com.jvmfuzzing.apigetter.Mutator.replaceMethodCall(Mutator.java:232)
  com.jvmfuzzing.apigetter.Mutator.mutateInEachMethod(Mutator.java:129)
  com.jvmfuzzing.apigetter.Mutator.callMutator(Mutator.java:44)
  com.jvmfuzzing.mutation_by_all.Main.Insert(Main.java:168)
  com.jvmfuzzing.mutation_by_all.Main.Insert_Cov(Main.java:71)
  com.jvmfuzzing.mutation_by_all.Main.main(Main.java:454)

ERROR main com.jvmfuzzing.generator.VariableComponent - Object... argsa = null

Encountered unexpected token: "..." "..."
    at line 1, column 7.

Was expecting one of:

    "enum"
    "exports"
    "module"
    "open"
    "opens"
    "provides"
    "record"
    "requires"
    "strictfp"
    "to"
    "transitive"
    "uses"
    "with"
    "yield"
    <IDENTIFIER>

Problem stacktrace : 
  com.github.javaparser.GeneratedJavaParser.generateParseException(GeneratedJavaParser.java:13690)
  com.github.javaparser.GeneratedJavaParser.jj_consume_token(GeneratedJavaParser.java:13536)
  com.github.javaparser.GeneratedJavaParser.Identifier(GeneratedJavaParser.java:3364)
  com.github.javaparser.GeneratedJavaParser.SimpleName(GeneratedJavaParser.java:3262)
  com.github.javaparser.GeneratedJavaParser.VariableDeclaratorId(GeneratedJavaParser.java:1787)
  com.github.javaparser.GeneratedJavaParser.VariableDeclarator(GeneratedJavaParser.java:1743)
  com.github.javaparser.GeneratedJavaParser.VariableDeclarationExpression(GeneratedJavaParser.java:5782)
  com.github.javaparser.GeneratedJavaParser.VariableDeclarationExpressionParseStart(GeneratedJavaParser.java:8239)
  com.github.javaparser.JavaParser.parse(JavaParser.java:123)
  com.github.javaparser.JavaParser.parseVariableDeclarationExpr(JavaParser.java:426)
  com.github.javaparser.StaticJavaParser.parseVariableDeclarationExpr(StaticJavaParser.java:364)
  com.jvmfuzzing.generator.VariableComponent.formatVarValue(VariableComponent.java:39)
  com.jvmfuzzing.generator.VariableComponent.<init>(VariableComponent.java:24)
  com.jvmfuzzing.generator.UnprimitiveGenerator.generateUnprimitive(UnprimitiveGenerator.java:146)
  com.jvmfuzzing.generator.VariableGenerater.generateDec(VariableGenerater.java:133)
  com.jvmfuzzing.apigetter.Mutator.replaceMethodCall(Mutator.java:232)
  com.jvmfuzzing.apigetter.Mutator.mutateInEachMethod(Mutator.java:129)
  com.jvmfuzzing.apigetter.Mutator.callMutator(Mutator.java:44)
  com.jvmfuzzing.mutation_by_all.Main.Insert(Main.java:168)
  com.jvmfuzzing.mutation_by_all.Main.Insert_Cov(Main.java:71)
  com.jvmfuzzing.mutation_by_all.Main.main(Main.java:454)

ERROR main com.jvmfuzzing.generator.VariableComponent - Object... argsa = null

Encountered unexpected token: "..." "..."
    at line 1, column 7.

Was expecting one of:

    "enum"
    "exports"
    "module"
    "open"
    "opens"
    "provides"
    "record"
    "requires"
    "strictfp"
    "to"
    "transitive"
    "uses"
    "with"
    "yield"
    <IDENTIFIER>

Problem stacktrace : 
  com.github.javaparser.GeneratedJavaParser.generateParseException(GeneratedJavaParser.java:13690)
  com.github.javaparser.GeneratedJavaParser.jj_consume_token(GeneratedJavaParser.java:13536)
  com.github.javaparser.GeneratedJavaParser.Identifier(GeneratedJavaParser.java:3364)
  com.github.javaparser.GeneratedJavaParser.SimpleName(GeneratedJavaParser.java:3262)
  com.github.javaparser.GeneratedJavaParser.VariableDeclaratorId(GeneratedJavaParser.java:1787)
  com.github.javaparser.GeneratedJavaParser.VariableDeclarator(GeneratedJavaParser.java:1743)
  com.github.javaparser.GeneratedJavaParser.VariableDeclarationExpression(GeneratedJavaParser.java:5782)
  com.github.javaparser.GeneratedJavaParser.VariableDeclarationExpressionParseStart(GeneratedJavaParser.java:8239)
  com.github.javaparser.JavaParser.parse(JavaParser.java:123)
  com.github.javaparser.JavaParser.parseVariableDeclarationExpr(JavaParser.java:426)
  com.github.javaparser.StaticJavaParser.parseVariableDeclarationExpr(StaticJavaParser.java:364)
  com.jvmfuzzing.generator.VariableComponent.formatVarValue(VariableComponent.java:39)
  com.jvmfuzzing.generator.VariableComponent.<init>(VariableComponent.java:24)
  com.jvmfuzzing.generator.UnprimitiveGenerator.generateUnprimitive(UnprimitiveGenerator.java:146)
  com.jvmfuzzing.generator.VariableGenerater.generateDec(VariableGenerater.java:133)
  com.jvmfuzzing.apigetter.Mutator.replaceMethodCall(Mutator.java:232)
  com.jvmfuzzing.apigetter.Mutator.mutateInEachMethod(Mutator.java:129)
  com.jvmfuzzing.apigetter.Mutator.callMutator(Mutator.java:44)
  com.jvmfuzzing.mutation_by_all.Main.Insert(Main.java:168)
  com.jvmfuzzing.mutation_by_all.Main.Insert_Cov(Main.java:71)
  com.jvmfuzzing.mutation_by_all.Main.main(Main.java:454)

ERROR main com.jvmfuzzing.generator.VariableComponent - Object... argsa = null

Encountered unexpected token: "..." "..."
    at line 1, column 7.

Was expecting one of:

    "enum"
    "exports"
    "module"
    "open"
    "opens"
    "provides"
    "record"
    "requires"
    "strictfp"
    "to"
    "transitive"
    "uses"
    "with"
    "yield"
    <IDENTIFIER>

Problem stacktrace : 
  com.github.javaparser.GeneratedJavaParser.generateParseException(GeneratedJavaParser.java:13690)
  com.github.javaparser.GeneratedJavaParser.jj_consume_token(GeneratedJavaParser.java:13536)
  com.github.javaparser.GeneratedJavaParser.Identifier(GeneratedJavaParser.java:3364)
  com.github.javaparser.GeneratedJavaParser.SimpleName(GeneratedJavaParser.java:3262)
  com.github.javaparser.GeneratedJavaParser.VariableDeclaratorId(GeneratedJavaParser.java:1787)
  com.github.javaparser.GeneratedJavaParser.VariableDeclarator(GeneratedJavaParser.java:1743)
  com.github.javaparser.GeneratedJavaParser.VariableDeclarationExpression(GeneratedJavaParser.java:5782)
  com.github.javaparser.GeneratedJavaParser.VariableDeclarationExpressionParseStart(GeneratedJavaParser.java:8239)
  com.github.javaparser.JavaParser.parse(JavaParser.java:123)
  com.github.javaparser.JavaParser.parseVariableDeclarationExpr(JavaParser.java:426)
  com.github.javaparser.StaticJavaParser.parseVariableDeclarationExpr(StaticJavaParser.java:364)
  com.jvmfuzzing.generator.VariableComponent.formatVarValue(VariableComponent.java:39)
  com.jvmfuzzing.generator.VariableComponent.<init>(VariableComponent.java:24)
  com.jvmfuzzing.generator.UnprimitiveGenerator.generateUnprimitive(UnprimitiveGenerator.java:146)
  com.jvmfuzzing.generator.VariableGenerater.generateDec(VariableGenerater.java:133)
  com.jvmfuzzing.apigetter.Mutator.replaceMethodCall(Mutator.java:232)
  com.jvmfuzzing.apigetter.Mutator.mutateInEachMethod(Mutator.java:129)
  com.jvmfuzzing.apigetter.Mutator.callMutator(Mutator.java:44)
  com.jvmfuzzing.mutation_by_all.Main.Insert(Main.java:168)
  com.jvmfuzzing.mutation_by_all.Main.Insert_Cov(Main.java:71)
  com.jvmfuzzing.mutation_by_all.Main.main(Main.java:454)

ERROR main com.jvmfuzzing.generator.VariableComponent - Object... argsa = null

Encountered unexpected token: "..." "..."
    at line 1, column 7.

Was expecting one of:

    "enum"
    "exports"
    "module"
    "open"
    "opens"
    "provides"
    "record"
    "requires"
    "strictfp"
    "to"
    "transitive"
    "uses"
    "with"
    "yield"
    <IDENTIFIER>

Problem stacktrace : 
  com.github.javaparser.GeneratedJavaParser.generateParseException(GeneratedJavaParser.java:13690)
  com.github.javaparser.GeneratedJavaParser.jj_consume_token(GeneratedJavaParser.java:13536)
  com.github.javaparser.GeneratedJavaParser.Identifier(GeneratedJavaParser.java:3364)
  com.github.javaparser.GeneratedJavaParser.SimpleName(GeneratedJavaParser.java:3262)
  com.github.javaparser.GeneratedJavaParser.VariableDeclaratorId(GeneratedJavaParser.java:1787)
  com.github.javaparser.GeneratedJavaParser.VariableDeclarator(GeneratedJavaParser.java:1743)
  com.github.javaparser.GeneratedJavaParser.VariableDeclarationExpression(GeneratedJavaParser.java:5782)
  com.github.javaparser.GeneratedJavaParser.VariableDeclarationExpressionParseStart(GeneratedJavaParser.java:8239)
  com.github.javaparser.JavaParser.parse(JavaParser.java:123)
  com.github.javaparser.JavaParser.parseVariableDeclarationExpr(JavaParser.java:426)
  com.github.javaparser.StaticJavaParser.parseVariableDeclarationExpr(StaticJavaParser.java:364)
  com.jvmfuzzing.generator.VariableComponent.formatVarValue(VariableComponent.java:39)
  com.jvmfuzzing.generator.VariableComponent.<init>(VariableComponent.java:24)
  com.jvmfuzzing.generator.UnprimitiveGenerator.generateUnprimitive(UnprimitiveGenerator.java:146)
  com.jvmfuzzing.generator.VariableGenerater.generateDec(VariableGenerater.java:133)
  com.jvmfuzzing.apigetter.Mutator.replaceMethodCall(Mutator.java:232)
  com.jvmfuzzing.apigetter.Mutator.mutateInEachMethod(Mutator.java:129)
  com.jvmfuzzing.apigetter.Mutator.callMutator(Mutator.java:44)
  com.jvmfuzzing.mutation_by_all.Main.Insert(Main.java:168)
  com.jvmfuzzing.mutation_by_all.Main.Insert_Cov(Main.java:71)
  com.jvmfuzzing.mutation_by_all.Main.main(Main.java:454)

ERROR main com.jvmfuzzing.generator.VariableComponent - Object... argsa = null

Encountered unexpected token: "..." "..."
    at line 1, column 7.

Was expecting one of:

    "enum"
    "exports"
    "module"
    "open"
    "opens"
    "provides"
    "record"
    "requires"
    "strictfp"
    "to"
    "transitive"
    "uses"
    "with"
    "yield"
    <IDENTIFIER>

Problem stacktrace : 
  com.github.javaparser.GeneratedJavaParser.generateParseException(GeneratedJavaParser.java:13690)
  com.github.javaparser.GeneratedJavaParser.jj_consume_token(GeneratedJavaParser.java:13536)
  com.github.javaparser.GeneratedJavaParser.Identifier(GeneratedJavaParser.java:3364)
  com.github.javaparser.GeneratedJavaParser.SimpleName(GeneratedJavaParser.java:3262)
  com.github.javaparser.GeneratedJavaParser.VariableDeclaratorId(GeneratedJavaParser.java:1787)
  com.github.javaparser.GeneratedJavaParser.VariableDeclarator(GeneratedJavaParser.java:1743)
  com.github.javaparser.GeneratedJavaParser.VariableDeclarationExpression(GeneratedJavaParser.java:5782)
  com.github.javaparser.GeneratedJavaParser.VariableDeclarationExpressionParseStart(GeneratedJavaParser.java:8239)
  com.github.javaparser.JavaParser.parse(JavaParser.java:123)
  com.github.javaparser.JavaParser.parseVariableDeclarationExpr(JavaParser.java:426)
  com.github.javaparser.StaticJavaParser.parseVariableDeclarationExpr(StaticJavaParser.java:364)
  com.jvmfuzzing.generator.VariableComponent.formatVarValue(VariableComponent.java:39)
  com.jvmfuzzing.generator.VariableComponent.<init>(VariableComponent.java:24)
  com.jvmfuzzing.generator.UnprimitiveGenerator.generateUnprimitive(UnprimitiveGenerator.java:146)
  com.jvmfuzzing.generator.VariableGenerater.generateDec(VariableGenerater.java:133)
  com.jvmfuzzing.apigetter.Mutator.replaceMethodCall(Mutator.java:232)
  com.jvmfuzzing.apigetter.Mutator.mutateInEachMethod(Mutator.java:129)
  com.jvmfuzzing.apigetter.Mutator.callMutator(Mutator.java:44)
  com.jvmfuzzing.mutation_by_all.Main.Insert(Main.java:168)
  com.jvmfuzzing.mutation_by_all.Main.Insert_Cov(Main.java:71)
  com.jvmfuzzing.mutation_by_all.Main.main(Main.java:454)

ERROR main com.jvmfuzzing.generator.VariableComponent - Object... argsa = null

Encountered unexpected token: "..." "..."
    at line 1, column 7.

Was expecting one of:

    "enum"
    "exports"
    "module"
    "open"
    "opens"
    "provides"
    "record"
    "requires"
    "strictfp"
    "to"
    "transitive"
    "uses"
    "with"
    "yield"
    <IDENTIFIER>

Problem stacktrace : 
  com.github.javaparser.GeneratedJavaParser.generateParseException(GeneratedJavaParser.java:13690)
  com.github.javaparser.GeneratedJavaParser.jj_consume_token(GeneratedJavaParser.java:13536)
  com.github.javaparser.GeneratedJavaParser.Identifier(GeneratedJavaParser.java:3364)
  com.github.javaparser.GeneratedJavaParser.SimpleName(GeneratedJavaParser.java:3262)
  com.github.javaparser.GeneratedJavaParser.VariableDeclaratorId(GeneratedJavaParser.java:1787)
  com.github.javaparser.GeneratedJavaParser.VariableDeclarator(GeneratedJavaParser.java:1743)
  com.github.javaparser.GeneratedJavaParser.VariableDeclarationExpression(GeneratedJavaParser.java:5782)
  com.github.javaparser.GeneratedJavaParser.VariableDeclarationExpressionParseStart(GeneratedJavaParser.java:8239)
  com.github.javaparser.JavaParser.parse(JavaParser.java:123)
  com.github.javaparser.JavaParser.parseVariableDeclarationExpr(JavaParser.java:426)
  com.github.javaparser.StaticJavaParser.parseVariableDeclarationExpr(StaticJavaParser.java:364)
  com.jvmfuzzing.generator.VariableComponent.formatVarValue(VariableComponent.java:39)
  com.jvmfuzzing.generator.VariableComponent.<init>(VariableComponent.java:24)
  com.jvmfuzzing.generator.UnprimitiveGenerator.generateUnprimitive(UnprimitiveGenerator.java:146)
  com.jvmfuzzing.generator.VariableGenerater.generateDec(VariableGenerater.java:133)
  com.jvmfuzzing.apigetter.Mutator.replaceMethodCall(Mutator.java:232)
  com.jvmfuzzing.apigetter.Mutator.mutateInEachMethod(Mutator.java:129)
  com.jvmfuzzing.apigetter.Mutator.callMutator(Mutator.java:44)
  com.jvmfuzzing.mutation_by_all.Main.Insert(Main.java:168)
  com.jvmfuzzing.mutation_by_all.Main.Insert_Cov(Main.java:71)
  com.jvmfuzzing.mutation_by_all.Main.main(Main.java:454)

ERROR main com.jvmfuzzing.generator.VariableComponent - Object... argsa = null

Encountered unexpected token: "..." "..."
    at line 1, column 7.

Was expecting one of:

    "enum"
    "exports"
    "module"
    "open"
    "opens"
    "provides"
    "record"
    "requires"
    "strictfp"
    "to"
    "transitive"
    "uses"
    "with"
    "yield"
    <IDENTIFIER>

Problem stacktrace : 
  com.github.javaparser.GeneratedJavaParser.generateParseException(GeneratedJavaParser.java:13690)
  com.github.javaparser.GeneratedJavaParser.jj_consume_token(GeneratedJavaParser.java:13536)
  com.github.javaparser.GeneratedJavaParser.Identifier(GeneratedJavaParser.java:3364)
  com.github.javaparser.GeneratedJavaParser.SimpleName(GeneratedJavaParser.java:3262)
  com.github.javaparser.GeneratedJavaParser.VariableDeclaratorId(GeneratedJavaParser.java:1787)
  com.github.javaparser.GeneratedJavaParser.VariableDeclarator(GeneratedJavaParser.java:1743)
  com.github.javaparser.GeneratedJavaParser.VariableDeclarationExpression(GeneratedJavaParser.java:5782)
  com.github.javaparser.GeneratedJavaParser.VariableDeclarationExpressionParseStart(GeneratedJavaParser.java:8239)
  com.github.javaparser.JavaParser.parse(JavaParser.java:123)
  com.github.javaparser.JavaParser.parseVariableDeclarationExpr(JavaParser.java:426)
  com.github.javaparser.StaticJavaParser.parseVariableDeclarationExpr(StaticJavaParser.java:364)
  com.jvmfuzzing.generator.VariableComponent.formatVarValue(VariableComponent.java:39)
  com.jvmfuzzing.generator.VariableComponent.<init>(VariableComponent.java:24)
  com.jvmfuzzing.generator.UnprimitiveGenerator.generateUnprimitive(UnprimitiveGenerator.java:146)
  com.jvmfuzzing.generator.VariableGenerater.generateDec(VariableGenerater.java:133)
  com.jvmfuzzing.apigetter.Mutator.replaceMethodCall(Mutator.java:232)
  com.jvmfuzzing.apigetter.Mutator.mutateInEachMethod(Mutator.java:129)
  com.jvmfuzzing.apigetter.Mutator.callMutator(Mutator.java:44)
  com.jvmfuzzing.mutation_by_all.Main.Insert(Main.java:168)
  com.jvmfuzzing.mutation_by_all.Main.Insert_Cov(Main.java:71)
  com.jvmfuzzing.mutation_by_all.Main.main(Main.java:454)

ERROR main com.jvmfuzzing.generator.VariableComponent - Object... argsa = null

Encountered unexpected token: "..." "..."
    at line 1, column 7.

Was expecting one of:

    "enum"
    "exports"
    "module"
    "open"
    "opens"
    "provides"
    "record"
    "requires"
    "strictfp"
    "to"
    "transitive"
    "uses"
    "with"
    "yield"
    <IDENTIFIER>

Problem stacktrace : 
  com.github.javaparser.GeneratedJavaParser.generateParseException(GeneratedJavaParser.java:13690)
  com.github.javaparser.GeneratedJavaParser.jj_consume_token(GeneratedJavaParser.java:13536)
  com.github.javaparser.GeneratedJavaParser.Identifier(GeneratedJavaParser.java:3364)
  com.github.javaparser.GeneratedJavaParser.SimpleName(GeneratedJavaParser.java:3262)
  com.github.javaparser.GeneratedJavaParser.VariableDeclaratorId(GeneratedJavaParser.java:1787)
  com.github.javaparser.GeneratedJavaParser.VariableDeclarator(GeneratedJavaParser.java:1743)
  com.github.javaparser.GeneratedJavaParser.VariableDeclarationExpression(GeneratedJavaParser.java:5782)
  com.github.javaparser.GeneratedJavaParser.VariableDeclarationExpressionParseStart(GeneratedJavaParser.java:8239)
  com.github.javaparser.JavaParser.parse(JavaParser.java:123)
  com.github.javaparser.JavaParser.parseVariableDeclarationExpr(JavaParser.java:426)
  com.github.javaparser.StaticJavaParser.parseVariableDeclarationExpr(StaticJavaParser.java:364)
  com.jvmfuzzing.generator.VariableComponent.formatVarValue(VariableComponent.java:39)
  com.jvmfuzzing.generator.VariableComponent.<init>(VariableComponent.java:24)
  com.jvmfuzzing.generator.UnprimitiveGenerator.generateUnprimitive(UnprimitiveGenerator.java:146)
  com.jvmfuzzing.generator.VariableGenerater.generateDec(VariableGenerater.java:133)
  com.jvmfuzzing.apigetter.Mutator.replaceMethodCall(Mutator.java:232)
  com.jvmfuzzing.apigetter.Mutator.mutateInEachMethod(Mutator.java:129)
  com.jvmfuzzing.apigetter.Mutator.callMutator(Mutator.java:44)
  com.jvmfuzzing.mutation_by_all.Main.Insert(Main.java:168)
  com.jvmfuzzing.mutation_by_all.Main.Insert_Cov(Main.java:71)
  com.jvmfuzzing.mutation_by_all.Main.main(Main.java:454)

ERROR main com.jvmfuzzing.generator.VariableComponent - Object... argsa = null

Encountered unexpected token: "..." "..."
    at line 1, column 7.

Was expecting one of:

    "enum"
    "exports"
    "module"
    "open"
    "opens"
    "provides"
    "record"
    "requires"
    "strictfp"
    "to"
    "transitive"
    "uses"
    "with"
    "yield"
    <IDENTIFIER>

Problem stacktrace : 
  com.github.javaparser.GeneratedJavaParser.generateParseException(GeneratedJavaParser.java:13690)
  com.github.javaparser.GeneratedJavaParser.jj_consume_token(GeneratedJavaParser.java:13536)
  com.github.javaparser.GeneratedJavaParser.Identifier(GeneratedJavaParser.java:3364)
  com.github.javaparser.GeneratedJavaParser.SimpleName(GeneratedJavaParser.java:3262)
  com.github.javaparser.GeneratedJavaParser.VariableDeclaratorId(GeneratedJavaParser.java:1787)
  com.github.javaparser.GeneratedJavaParser.VariableDeclarator(GeneratedJavaParser.java:1743)
  com.github.javaparser.GeneratedJavaParser.VariableDeclarationExpression(GeneratedJavaParser.java:5782)
  com.github.javaparser.GeneratedJavaParser.VariableDeclarationExpressionParseStart(GeneratedJavaParser.java:8239)
  com.github.javaparser.JavaParser.parse(JavaParser.java:123)
  com.github.javaparser.JavaParser.parseVariableDeclarationExpr(JavaParser.java:426)
  com.github.javaparser.StaticJavaParser.parseVariableDeclarationExpr(StaticJavaParser.java:364)
  com.jvmfuzzing.generator.VariableComponent.formatVarValue(VariableComponent.java:39)
  com.jvmfuzzing.generator.VariableComponent.<init>(VariableComponent.java:24)
  com.jvmfuzzing.generator.UnprimitiveGenerator.generateUnprimitive(UnprimitiveGenerator.java:146)
  com.jvmfuzzing.generator.VariableGenerater.generateDec(VariableGenerater.java:133)
  com.jvmfuzzing.apigetter.Mutator.replaceMethodCall(Mutator.java:232)
  com.jvmfuzzing.apigetter.Mutator.mutateInEachMethod(Mutator.java:129)
  com.jvmfuzzing.apigetter.Mutator.callMutator(Mutator.java:44)
  com.jvmfuzzing.mutation_by_all.Main.Insert(Main.java:168)
  com.jvmfuzzing.mutation_by_all.Main.Insert_Cov(Main.java:71)
  com.jvmfuzzing.mutation_by_all.Main.main(Main.java:454)

ERROR main com.jvmfuzzing.generator.VariableComponent - Object... argsa = null

Encountered unexpected token: "..." "..."
    at line 1, column 7.

Was expecting one of:

    "enum"
    "exports"
    "module"
    "open"
    "opens"
    "provides"
    "record"
    "requires"
    "strictfp"
    "to"
    "transitive"
    "uses"
    "with"
    "yield"
    <IDENTIFIER>

Problem stacktrace : 
  com.github.javaparser.GeneratedJavaParser.generateParseException(GeneratedJavaParser.java:13690)
  com.github.javaparser.GeneratedJavaParser.jj_consume_token(GeneratedJavaParser.java:13536)
  com.github.javaparser.GeneratedJavaParser.Identifier(GeneratedJavaParser.java:3364)
  com.github.javaparser.GeneratedJavaParser.SimpleName(GeneratedJavaParser.java:3262)
  com.github.javaparser.GeneratedJavaParser.VariableDeclaratorId(GeneratedJavaParser.java:1787)
  com.github.javaparser.GeneratedJavaParser.VariableDeclarator(GeneratedJavaParser.java:1743)
  com.github.javaparser.GeneratedJavaParser.VariableDeclarationExpression(GeneratedJavaParser.java:5782)
  com.github.javaparser.GeneratedJavaParser.VariableDeclarationExpressionParseStart(GeneratedJavaParser.java:8239)
  com.github.javaparser.JavaParser.parse(JavaParser.java:123)
  com.github.javaparser.JavaParser.parseVariableDeclarationExpr(JavaParser.java:426)
  com.github.javaparser.StaticJavaParser.parseVariableDeclarationExpr(StaticJavaParser.java:364)
  com.jvmfuzzing.generator.VariableComponent.formatVarValue(VariableComponent.java:39)
  com.jvmfuzzing.generator.VariableComponent.<init>(VariableComponent.java:24)
  com.jvmfuzzing.generator.UnprimitiveGenerator.generateUnprimitive(UnprimitiveGenerator.java:146)
  com.jvmfuzzing.generator.VariableGenerater.generateDec(VariableGenerater.java:133)
  com.jvmfuzzing.apigetter.Mutator.replaceMethodCall(Mutator.java:232)
  com.jvmfuzzing.apigetter.Mutator.mutateInEachMethod(Mutator.java:129)
  com.jvmfuzzing.apigetter.Mutator.callMutator(Mutator.java:44)
  com.jvmfuzzing.mutation_by_all.Main.Insert(Main.java:168)
  com.jvmfuzzing.mutation_by_all.Main.Insert_Cov(Main.java:71)
  com.jvmfuzzing.mutation_by_all.Main.main(Main.java:454)

ERROR main com.jvmfuzzing.generator.VariableComponent - Object... argsa = null

Encountered unexpected token: "..." "..."
    at line 1, column 7.

Was expecting one of:

    "enum"
    "exports"
    "module"
    "open"
    "opens"
    "provides"
    "record"
    "requires"
    "strictfp"
    "to"
    "transitive"
    "uses"
    "with"
    "yield"
    <IDENTIFIER>

Problem stacktrace : 
  com.github.javaparser.GeneratedJavaParser.generateParseException(GeneratedJavaParser.java:13690)
  com.github.javaparser.GeneratedJavaParser.jj_consume_token(GeneratedJavaParser.java:13536)
  com.github.javaparser.GeneratedJavaParser.Identifier(GeneratedJavaParser.java:3364)
  com.github.javaparser.GeneratedJavaParser.SimpleName(GeneratedJavaParser.java:3262)
  com.github.javaparser.GeneratedJavaParser.VariableDeclaratorId(GeneratedJavaParser.java:1787)
  com.github.javaparser.GeneratedJavaParser.VariableDeclarator(GeneratedJavaParser.java:1743)
  com.github.javaparser.GeneratedJavaParser.VariableDeclarationExpression(GeneratedJavaParser.java:5782)
  com.github.javaparser.GeneratedJavaParser.VariableDeclarationExpressionParseStart(GeneratedJavaParser.java:8239)
  com.github.javaparser.JavaParser.parse(JavaParser.java:123)
  com.github.javaparser.JavaParser.parseVariableDeclarationExpr(JavaParser.java:426)
  com.github.javaparser.StaticJavaParser.parseVariableDeclarationExpr(StaticJavaParser.java:364)
  com.jvmfuzzing.generator.VariableComponent.formatVarValue(VariableComponent.java:39)
  com.jvmfuzzing.generator.VariableComponent.<init>(VariableComponent.java:24)
  com.jvmfuzzing.generator.UnprimitiveGenerator.generateUnprimitive(UnprimitiveGenerator.java:146)
  com.jvmfuzzing.generator.VariableGenerater.generateDec(VariableGenerater.java:133)
  com.jvmfuzzing.apigetter.Mutator.replaceMethodCall(Mutator.java:232)
  com.jvmfuzzing.apigetter.Mutator.mutateInEachMethod(Mutator.java:129)
  com.jvmfuzzing.apigetter.Mutator.callMutator(Mutator.java:44)
  com.jvmfuzzing.mutation_by_all.Main.Insert(Main.java:168)
  com.jvmfuzzing.mutation_by_all.Main.Insert_Cov(Main.java:71)
  com.jvmfuzzing.mutation_by_all.Main.main(Main.java:454)

ERROR main com.jvmfuzzing.generator.VariableComponent - Object... argsa = null

Encountered unexpected token: "..." "..."
    at line 1, column 7.

Was expecting one of:

    "enum"
    "exports"
    "module"
    "open"
    "opens"
    "provides"
    "record"
    "requires"
    "strictfp"
    "to"
    "transitive"
    "uses"
    "with"
    "yield"
    <IDENTIFIER>

Problem stacktrace : 
  com.github.javaparser.GeneratedJavaParser.generateParseException(GeneratedJavaParser.java:13690)
  com.github.javaparser.GeneratedJavaParser.jj_consume_token(GeneratedJavaParser.java:13536)
  com.github.javaparser.GeneratedJavaParser.Identifier(GeneratedJavaParser.java:3364)
  com.github.javaparser.GeneratedJavaParser.SimpleName(GeneratedJavaParser.java:3262)
  com.github.javaparser.GeneratedJavaParser.VariableDeclaratorId(GeneratedJavaParser.java:1787)
  com.github.javaparser.GeneratedJavaParser.VariableDeclarator(GeneratedJavaParser.java:1743)
  com.github.javaparser.GeneratedJavaParser.VariableDeclarationExpression(GeneratedJavaParser.java:5782)
  com.github.javaparser.GeneratedJavaParser.VariableDeclarationExpressionParseStart(GeneratedJavaParser.java:8239)
  com.github.javaparser.JavaParser.parse(JavaParser.java:123)
  com.github.javaparser.JavaParser.parseVariableDeclarationExpr(JavaParser.java:426)
  com.github.javaparser.StaticJavaParser.parseVariableDeclarationExpr(StaticJavaParser.java:364)
  com.jvmfuzzing.generator.VariableComponent.formatVarValue(VariableComponent.java:39)
  com.jvmfuzzing.generator.VariableComponent.<init>(VariableComponent.java:24)
  com.jvmfuzzing.generator.UnprimitiveGenerator.generateUnprimitive(UnprimitiveGenerator.java:146)
  com.jvmfuzzing.generator.VariableGenerater.generateDec(VariableGenerater.java:133)
  com.jvmfuzzing.apigetter.Mutator.replaceMethodCall(Mutator.java:232)
  com.jvmfuzzing.apigetter.Mutator.mutateInEachMethod(Mutator.java:129)
  com.jvmfuzzing.apigetter.Mutator.callMutator(Mutator.java:44)
  com.jvmfuzzing.mutation_by_all.Main.Insert(Main.java:168)
  com.jvmfuzzing.mutation_by_all.Main.Insert_Cov(Main.java:71)
  com.jvmfuzzing.mutation_by_all.Main.main(Main.java:454)

ERROR main com.jvmfuzzing.generator.VariableComponent - Object... argsa = null

Encountered unexpected token: "..." "..."
    at line 1, column 7.

Was expecting one of:

    "enum"
    "exports"
    "module"
    "open"
    "opens"
    "provides"
    "record"
    "requires"
    "strictfp"
    "to"
    "transitive"
    "uses"
    "with"
    "yield"
    <IDENTIFIER>

Problem stacktrace : 
  com.github.javaparser.GeneratedJavaParser.generateParseException(GeneratedJavaParser.java:13690)
  com.github.javaparser.GeneratedJavaParser.jj_consume_token(GeneratedJavaParser.java:13536)
  com.github.javaparser.GeneratedJavaParser.Identifier(GeneratedJavaParser.java:3364)
  com.github.javaparser.GeneratedJavaParser.SimpleName(GeneratedJavaParser.java:3262)
  com.github.javaparser.GeneratedJavaParser.VariableDeclaratorId(GeneratedJavaParser.java:1787)
  com.github.javaparser.GeneratedJavaParser.VariableDeclarator(GeneratedJavaParser.java:1743)
  com.github.javaparser.GeneratedJavaParser.VariableDeclarationExpression(GeneratedJavaParser.java:5782)
  com.github.javaparser.GeneratedJavaParser.VariableDeclarationExpressionParseStart(GeneratedJavaParser.java:8239)
  com.github.javaparser.JavaParser.parse(JavaParser.java:123)
  com.github.javaparser.JavaParser.parseVariableDeclarationExpr(JavaParser.java:426)
  com.github.javaparser.StaticJavaParser.parseVariableDeclarationExpr(StaticJavaParser.java:364)
  com.jvmfuzzing.generator.VariableComponent.formatVarValue(VariableComponent.java:39)
  com.jvmfuzzing.generator.VariableComponent.<init>(VariableComponent.java:24)
  com.jvmfuzzing.generator.UnprimitiveGenerator.generateUnprimitive(UnprimitiveGenerator.java:146)
  com.jvmfuzzing.generator.VariableGenerater.generateDec(VariableGenerater.java:133)
  com.jvmfuzzing.apigetter.Mutator.replaceMethodCall(Mutator.java:232)
  com.jvmfuzzing.apigetter.Mutator.mutateInEachMethod(Mutator.java:129)
  com.jvmfuzzing.apigetter.Mutator.callMutator(Mutator.java:44)
  com.jvmfuzzing.mutation_by_all.Main.Insert(Main.java:168)
  com.jvmfuzzing.mutation_by_all.Main.Insert_Cov(Main.java:71)
  com.jvmfuzzing.mutation_by_all.Main.main(Main.java:454)

ERROR main com.jvmfuzzing.generator.VariableComponent - Object... argsa = null

Encountered unexpected token: "..." "..."
    at line 1, column 7.

Was expecting one of:

    "enum"
    "exports"
    "module"
    "open"
    "opens"
    "provides"
    "record"
    "requires"
    "strictfp"
    "to"
    "transitive"
    "uses"
    "with"
    "yield"
    <IDENTIFIER>

Problem stacktrace : 
  com.github.javaparser.GeneratedJavaParser.generateParseException(GeneratedJavaParser.java:13690)
  com.github.javaparser.GeneratedJavaParser.jj_consume_token(GeneratedJavaParser.java:13536)
  com.github.javaparser.GeneratedJavaParser.Identifier(GeneratedJavaParser.java:3364)
  com.github.javaparser.GeneratedJavaParser.SimpleName(GeneratedJavaParser.java:3262)
  com.github.javaparser.GeneratedJavaParser.VariableDeclaratorId(GeneratedJavaParser.java:1787)
  com.github.javaparser.GeneratedJavaParser.VariableDeclarator(GeneratedJavaParser.java:1743)
  com.github.javaparser.GeneratedJavaParser.VariableDeclarationExpression(GeneratedJavaParser.java:5782)
  com.github.javaparser.GeneratedJavaParser.VariableDeclarationExpressionParseStart(GeneratedJavaParser.java:8239)
  com.github.javaparser.JavaParser.parse(JavaParser.java:123)
  com.github.javaparser.JavaParser.parseVariableDeclarationExpr(JavaParser.java:426)
  com.github.javaparser.StaticJavaParser.parseVariableDeclarationExpr(StaticJavaParser.java:364)
  com.jvmfuzzing.generator.VariableComponent.formatVarValue(VariableComponent.java:39)
  com.jvmfuzzing.generator.VariableComponent.<init>(VariableComponent.java:24)
  com.jvmfuzzing.generator.UnprimitiveGenerator.generateUnprimitive(UnprimitiveGenerator.java:146)
  com.jvmfuzzing.generator.VariableGenerater.generateDec(VariableGenerater.java:133)
  com.jvmfuzzing.apigetter.Mutator.replaceMethodCall(Mutator.java:232)
  com.jvmfuzzing.apigetter.Mutator.mutateInEachMethod(Mutator.java:129)
  com.jvmfuzzing.apigetter.Mutator.callMutator(Mutator.java:44)
  com.jvmfuzzing.mutation_by_all.Main.Insert(Main.java:168)
  com.jvmfuzzing.mutation_by_all.Main.Insert_Cov(Main.java:71)
  com.jvmfuzzing.mutation_by_all.Main.main(Main.java:454)

ERROR main com.jvmfuzzing.generator.VariableComponent - Object... argsa = null

Encountered unexpected token: "..." "..."
    at line 1, column 7.

Was expecting one of:

    "enum"
    "exports"
    "module"
    "open"
    "opens"
    "provides"
    "record"
    "requires"
    "strictfp"
    "to"
    "transitive"
    "uses"
    "with"
    "yield"
    <IDENTIFIER>

Problem stacktrace : 
  com.github.javaparser.GeneratedJavaParser.generateParseException(GeneratedJavaParser.java:13690)
  com.github.javaparser.GeneratedJavaParser.jj_consume_token(GeneratedJavaParser.java:13536)
  com.github.javaparser.GeneratedJavaParser.Identifier(GeneratedJavaParser.java:3364)
  com.github.javaparser.GeneratedJavaParser.SimpleName(GeneratedJavaParser.java:3262)
  com.github.javaparser.GeneratedJavaParser.VariableDeclaratorId(GeneratedJavaParser.java:1787)
  com.github.javaparser.GeneratedJavaParser.VariableDeclarator(GeneratedJavaParser.java:1743)
  com.github.javaparser.GeneratedJavaParser.VariableDeclarationExpression(GeneratedJavaParser.java:5782)
  com.github.javaparser.GeneratedJavaParser.VariableDeclarationExpressionParseStart(GeneratedJavaParser.java:8239)
  com.github.javaparser.JavaParser.parse(JavaParser.java:123)
  com.github.javaparser.JavaParser.parseVariableDeclarationExpr(JavaParser.java:426)
  com.github.javaparser.StaticJavaParser.parseVariableDeclarationExpr(StaticJavaParser.java:364)
  com.jvmfuzzing.generator.VariableComponent.formatVarValue(VariableComponent.java:39)
  com.jvmfuzzing.generator.VariableComponent.<init>(VariableComponent.java:24)
  com.jvmfuzzing.generator.UnprimitiveGenerator.generateUnprimitive(UnprimitiveGenerator.java:146)
  com.jvmfuzzing.generator.VariableGenerater.generateDec(VariableGenerater.java:133)
  com.jvmfuzzing.apigetter.Mutator.replaceMethodCall(Mutator.java:232)
  com.jvmfuzzing.apigetter.Mutator.mutateInEachMethod(Mutator.java:129)
  com.jvmfuzzing.apigetter.Mutator.callMutator(Mutator.java:44)
  com.jvmfuzzing.mutation_by_all.Main.Insert(Main.java:168)
  com.jvmfuzzing.mutation_by_all.Main.Insert_Cov(Main.java:71)
  com.jvmfuzzing.mutation_by_all.Main.main(Main.java:454)

ERROR main com.jvmfuzzing.generator.VariableComponent - Object... argsa = null

Encountered unexpected token: "..." "..."
    at line 1, column 7.

Was expecting one of:

    "enum"
    "exports"
    "module"
    "open"
    "opens"
    "provides"
    "record"
    "requires"
    "strictfp"
    "to"
    "transitive"
    "uses"
    "with"
    "yield"
    <IDENTIFIER>

Problem stacktrace : 
  com.github.javaparser.GeneratedJavaParser.generateParseException(GeneratedJavaParser.java:13690)
  com.github.javaparser.GeneratedJavaParser.jj_consume_token(GeneratedJavaParser.java:13536)
  com.github.javaparser.GeneratedJavaParser.Identifier(GeneratedJavaParser.java:3364)
  com.github.javaparser.GeneratedJavaParser.SimpleName(GeneratedJavaParser.java:3262)
  com.github.javaparser.GeneratedJavaParser.VariableDeclaratorId(GeneratedJavaParser.java:1787)
  com.github.javaparser.GeneratedJavaParser.VariableDeclarator(GeneratedJavaParser.java:1743)
  com.github.javaparser.GeneratedJavaParser.VariableDeclarationExpression(GeneratedJavaParser.java:5782)
  com.github.javaparser.GeneratedJavaParser.VariableDeclarationExpressionParseStart(GeneratedJavaParser.java:8239)
  com.github.javaparser.JavaParser.parse(JavaParser.java:123)
  com.github.javaparser.JavaParser.parseVariableDeclarationExpr(JavaParser.java:426)
  com.github.javaparser.StaticJavaParser.parseVariableDeclarationExpr(StaticJavaParser.java:364)
  com.jvmfuzzing.generator.VariableComponent.formatVarValue(VariableComponent.java:39)
  com.jvmfuzzing.generator.VariableComponent.<init>(VariableComponent.java:24)
  com.jvmfuzzing.generator.UnprimitiveGenerator.generateUnprimitive(UnprimitiveGenerator.java:146)
  com.jvmfuzzing.generator.VariableGenerater.generateDec(VariableGenerater.java:133)
  com.jvmfuzzing.apigetter.Mutator.replaceMethodCall(Mutator.java:232)
  com.jvmfuzzing.apigetter.Mutator.mutateInEachMethod(Mutator.java:129)
  com.jvmfuzzing.apigetter.Mutator.callMutator(Mutator.java:44)
  com.jvmfuzzing.mutation_by_all.Main.Insert(Main.java:168)
  com.jvmfuzzing.mutation_by_all.Main.Insert_Cov(Main.java:71)
  com.jvmfuzzing.mutation_by_all.Main.main(Main.java:454)

ERROR main com.jvmfuzzing.generator.VariableComponent - Object... argsa = null

Encountered unexpected token: "..." "..."
    at line 1, column 7.

Was expecting one of:

    "enum"
    "exports"
    "module"
    "open"
    "opens"
    "provides"
    "record"
    "requires"
    "strictfp"
    "to"
    "transitive"
    "uses"
    "with"
    "yield"
    <IDENTIFIER>

Problem stacktrace : 
  com.github.javaparser.GeneratedJavaParser.generateParseException(GeneratedJavaParser.java:13690)
  com.github.javaparser.GeneratedJavaParser.jj_consume_token(GeneratedJavaParser.java:13536)
  com.github.javaparser.GeneratedJavaParser.Identifier(GeneratedJavaParser.java:3364)
  com.github.javaparser.GeneratedJavaParser.SimpleName(GeneratedJavaParser.java:3262)
  com.github.javaparser.GeneratedJavaParser.VariableDeclaratorId(GeneratedJavaParser.java:1787)
  com.github.javaparser.GeneratedJavaParser.VariableDeclarator(GeneratedJavaParser.java:1743)
  com.github.javaparser.GeneratedJavaParser.VariableDeclarationExpression(GeneratedJavaParser.java:5782)
  com.github.javaparser.GeneratedJavaParser.VariableDeclarationExpressionParseStart(GeneratedJavaParser.java:8239)
  com.github.javaparser.JavaParser.parse(JavaParser.java:123)
  com.github.javaparser.JavaParser.parseVariableDeclarationExpr(JavaParser.java:426)
  com.github.javaparser.StaticJavaParser.parseVariableDeclarationExpr(StaticJavaParser.java:364)
  com.jvmfuzzing.generator.VariableComponent.formatVarValue(VariableComponent.java:39)
  com.jvmfuzzing.generator.VariableComponent.<init>(VariableComponent.java:24)
  com.jvmfuzzing.generator.UnprimitiveGenerator.generateUnprimitive(UnprimitiveGenerator.java:146)
  com.jvmfuzzing.generator.VariableGenerater.generateDec(VariableGenerater.java:133)
  com.jvmfuzzing.apigetter.Mutator.replaceMethodCall(Mutator.java:232)
  com.jvmfuzzing.apigetter.Mutator.mutateInEachMethod(Mutator.java:129)
  com.jvmfuzzing.apigetter.Mutator.callMutator(Mutator.java:44)
  com.jvmfuzzing.mutation_by_all.Main.Insert(Main.java:168)
  com.jvmfuzzing.mutation_by_all.Main.Insert_Cov(Main.java:71)
  com.jvmfuzzing.mutation_by_all.Main.main(Main.java:454)

ERROR main com.jvmfuzzing.generator.VariableComponent - Object... valuesa = null

Encountered unexpected token: "..." "..."
    at line 1, column 7.

Was expecting one of:

    "enum"
    "exports"
    "module"
    "open"
    "opens"
    "provides"
    "record"
    "requires"
    "strictfp"
    "to"
    "transitive"
    "uses"
    "with"
    "yield"
    <IDENTIFIER>

Problem stacktrace : 
  com.github.javaparser.GeneratedJavaParser.generateParseException(GeneratedJavaParser.java:13690)
  com.github.javaparser.GeneratedJavaParser.jj_consume_token(GeneratedJavaParser.java:13536)
  com.github.javaparser.GeneratedJavaParser.Identifier(GeneratedJavaParser.java:3364)
  com.github.javaparser.GeneratedJavaParser.SimpleName(GeneratedJavaParser.java:3262)
  com.github.javaparser.GeneratedJavaParser.VariableDeclaratorId(GeneratedJavaParser.java:1787)
  com.github.javaparser.GeneratedJavaParser.VariableDeclarator(GeneratedJavaParser.java:1743)
  com.github.javaparser.GeneratedJavaParser.VariableDeclarationExpression(GeneratedJavaParser.java:5782)
  com.github.javaparser.GeneratedJavaParser.VariableDeclarationExpressionParseStart(GeneratedJavaParser.java:8239)
  com.github.javaparser.JavaParser.parse(JavaParser.java:123)
  com.github.javaparser.JavaParser.parseVariableDeclarationExpr(JavaParser.java:426)
  com.github.javaparser.StaticJavaParser.parseVariableDeclarationExpr(StaticJavaParser.java:364)
  com.jvmfuzzing.generator.VariableComponent.formatVarValue(VariableComponent.java:39)
  com.jvmfuzzing.generator.VariableComponent.<init>(VariableComponent.java:24)
  com.jvmfuzzing.generator.UnprimitiveGenerator.generateUnprimitive(UnprimitiveGenerator.java:146)
  com.jvmfuzzing.generator.VariableGenerater.generateDec(VariableGenerater.java:133)
  com.jvmfuzzing.apigetter.Mutator.replaceMethodCall(Mutator.java:232)
  com.jvmfuzzing.apigetter.Mutator.mutateInEachMethod(Mutator.java:129)
  com.jvmfuzzing.apigetter.Mutator.callMutator(Mutator.java:44)
  com.jvmfuzzing.mutation_by_all.Main.Insert(Main.java:168)
  com.jvmfuzzing.mutation_by_all.Main.Insert_Cov(Main.java:71)
  com.jvmfuzzing.mutation_by_all.Main.main(Main.java:454)

ERROR main com.jvmfuzzing.generator.VariableComponent - Object... argsa = null

Encountered unexpected token: "..." "..."
    at line 1, column 7.

Was expecting one of:

    "enum"
    "exports"
    "module"
    "open"
    "opens"
    "provides"
    "record"
    "requires"
    "strictfp"
    "to"
    "transitive"
    "uses"
    "with"
    "yield"
    <IDENTIFIER>

Problem stacktrace : 
  com.github.javaparser.GeneratedJavaParser.generateParseException(GeneratedJavaParser.java:13690)
  com.github.javaparser.GeneratedJavaParser.jj_consume_token(GeneratedJavaParser.java:13536)
  com.github.javaparser.GeneratedJavaParser.Identifier(GeneratedJavaParser.java:3364)
  com.github.javaparser.GeneratedJavaParser.SimpleName(GeneratedJavaParser.java:3262)
  com.github.javaparser.GeneratedJavaParser.VariableDeclaratorId(GeneratedJavaParser.java:1787)
  com.github.javaparser.GeneratedJavaParser.VariableDeclarator(GeneratedJavaParser.java:1743)
  com.github.javaparser.GeneratedJavaParser.VariableDeclarationExpression(GeneratedJavaParser.java:5782)
  com.github.javaparser.GeneratedJavaParser.VariableDeclarationExpressionParseStart(GeneratedJavaParser.java:8239)
  com.github.javaparser.JavaParser.parse(JavaParser.java:123)
  com.github.javaparser.JavaParser.parseVariableDeclarationExpr(JavaParser.java:426)
  com.github.javaparser.StaticJavaParser.parseVariableDeclarationExpr(StaticJavaParser.java:364)
  com.jvmfuzzing.generator.VariableComponent.formatVarValue(VariableComponent.java:39)
  com.jvmfuzzing.generator.VariableComponent.<init>(VariableComponent.java:24)
  com.jvmfuzzing.generator.UnprimitiveGenerator.generateUnprimitive(UnprimitiveGenerator.java:146)
  com.jvmfuzzing.generator.VariableGenerater.generateDec(VariableGenerater.java:133)
  com.jvmfuzzing.apigetter.Mutator.replaceMethodCall(Mutator.java:232)
  com.jvmfuzzing.apigetter.Mutator.mutateInEachMethod(Mutator.java:129)
  com.jvmfuzzing.apigetter.Mutator.callMutator(Mutator.java:44)
  com.jvmfuzzing.mutation_by_all.Main.Insert(Main.java:168)
  com.jvmfuzzing.mutation_by_all.Main.Insert_Cov(Main.java:71)
  com.jvmfuzzing.mutation_by_all.Main.main(Main.java:454)

ERROR main com.jvmfuzzing.generator.VariableComponent - Object... argsa = null

Encountered unexpected token: "..." "..."
    at line 1, column 7.

Was expecting one of:

    "enum"
    "exports"
    "module"
    "open"
    "opens"
    "provides"
    "record"
    "requires"
    "strictfp"
    "to"
    "transitive"
    "uses"
    "with"
    "yield"
    <IDENTIFIER>

Problem stacktrace : 
  com.github.javaparser.GeneratedJavaParser.generateParseException(GeneratedJavaParser.java:13690)
  com.github.javaparser.GeneratedJavaParser.jj_consume_token(GeneratedJavaParser.java:13536)
  com.github.javaparser.GeneratedJavaParser.Identifier(GeneratedJavaParser.java:3364)
  com.github.javaparser.GeneratedJavaParser.SimpleName(GeneratedJavaParser.java:3262)
  com.github.javaparser.GeneratedJavaParser.VariableDeclaratorId(GeneratedJavaParser.java:1787)
  com.github.javaparser.GeneratedJavaParser.VariableDeclarator(GeneratedJavaParser.java:1743)
  com.github.javaparser.GeneratedJavaParser.VariableDeclarationExpression(GeneratedJavaParser.java:5782)
  com.github.javaparser.GeneratedJavaParser.VariableDeclarationExpressionParseStart(GeneratedJavaParser.java:8239)
  com.github.javaparser.JavaParser.parse(JavaParser.java:123)
  com.github.javaparser.JavaParser.parseVariableDeclarationExpr(JavaParser.java:426)
  com.github.javaparser.StaticJavaParser.parseVariableDeclarationExpr(StaticJavaParser.java:364)
  com.jvmfuzzing.generator.VariableComponent.formatVarValue(VariableComponent.java:39)
  com.jvmfuzzing.generator.VariableComponent.<init>(VariableComponent.java:24)
  com.jvmfuzzing.generator.UnprimitiveGenerator.generateUnprimitive(UnprimitiveGenerator.java:146)
  com.jvmfuzzing.generator.VariableGenerater.generateDec(VariableGenerater.java:133)
  com.jvmfuzzing.apigetter.Mutator.replaceMethodCall(Mutator.java:232)
  com.jvmfuzzing.apigetter.Mutator.mutateInEachMethod(Mutator.java:129)
  com.jvmfuzzing.apigetter.Mutator.callMutator(Mutator.java:44)
  com.jvmfuzzing.mutation_by_all.Main.Insert(Main.java:168)
  com.jvmfuzzing.mutation_by_all.Main.Insert_Cov(Main.java:71)
  com.jvmfuzzing.mutation_by_all.Main.main(Main.java:454)

ERROR main com.jvmfuzzing.generator.VariableComponent - Object... argsa = null

Encountered unexpected token: "..." "..."
    at line 1, column 7.

Was expecting one of:

    "enum"
    "exports"
    "module"
    "open"
    "opens"
    "provides"
    "record"
    "requires"
    "strictfp"
    "to"
    "transitive"
    "uses"
    "with"
    "yield"
    <IDENTIFIER>

Problem stacktrace : 
  com.github.javaparser.GeneratedJavaParser.generateParseException(GeneratedJavaParser.java:13690)
  com.github.javaparser.GeneratedJavaParser.jj_consume_token(GeneratedJavaParser.java:13536)
  com.github.javaparser.GeneratedJavaParser.Identifier(GeneratedJavaParser.java:3364)
  com.github.javaparser.GeneratedJavaParser.SimpleName(GeneratedJavaParser.java:3262)
  com.github.javaparser.GeneratedJavaParser.VariableDeclaratorId(GeneratedJavaParser.java:1787)
  com.github.javaparser.GeneratedJavaParser.VariableDeclarator(GeneratedJavaParser.java:1743)
  com.github.javaparser.GeneratedJavaParser.VariableDeclarationExpression(GeneratedJavaParser.java:5782)
  com.github.javaparser.GeneratedJavaParser.VariableDeclarationExpressionParseStart(GeneratedJavaParser.java:8239)
  com.github.javaparser.JavaParser.parse(JavaParser.java:123)
  com.github.javaparser.JavaParser.parseVariableDeclarationExpr(JavaParser.java:426)
  com.github.javaparser.StaticJavaParser.parseVariableDeclarationExpr(StaticJavaParser.java:364)
  com.jvmfuzzing.generator.VariableComponent.formatVarValue(VariableComponent.java:39)
  com.jvmfuzzing.generator.VariableComponent.<init>(VariableComponent.java:24)
  com.jvmfuzzing.generator.UnprimitiveGenerator.generateUnprimitive(UnprimitiveGenerator.java:146)
  com.jvmfuzzing.generator.VariableGenerater.generateDec(VariableGenerater.java:133)
  com.jvmfuzzing.apigetter.Mutator.replaceMethodCall(Mutator.java:232)
  com.jvmfuzzing.apigetter.Mutator.mutateInEachMethod(Mutator.java:129)
  com.jvmfuzzing.apigetter.Mutator.callMutator(Mutator.java:44)
  com.jvmfuzzing.mutation_by_all.Main.Insert(Main.java:168)
  com.jvmfuzzing.mutation_by_all.Main.Insert_Cov(Main.java:71)
  com.jvmfuzzing.mutation_by_all.Main.main(Main.java:454)

ERROR main com.jvmfuzzing.generator.VariableComponent - Object... argsa = null

Encountered unexpected token: "..." "..."
    at line 1, column 7.

Was expecting one of:

    "enum"
    "exports"
    "module"
    "open"
    "opens"
    "provides"
    "record"
    "requires"
    "strictfp"
    "to"
    "transitive"
    "uses"
    "with"
    "yield"
    <IDENTIFIER>

Problem stacktrace : 
  com.github.javaparser.GeneratedJavaParser.generateParseException(GeneratedJavaParser.java:13690)
  com.github.javaparser.GeneratedJavaParser.jj_consume_token(GeneratedJavaParser.java:13536)
  com.github.javaparser.GeneratedJavaParser.Identifier(GeneratedJavaParser.java:3364)
  com.github.javaparser.GeneratedJavaParser.SimpleName(GeneratedJavaParser.java:3262)
  com.github.javaparser.GeneratedJavaParser.VariableDeclaratorId(GeneratedJavaParser.java:1787)
  com.github.javaparser.GeneratedJavaParser.VariableDeclarator(GeneratedJavaParser.java:1743)
  com.github.javaparser.GeneratedJavaParser.VariableDeclarationExpression(GeneratedJavaParser.java:5782)
  com.github.javaparser.GeneratedJavaParser.VariableDeclarationExpressionParseStart(GeneratedJavaParser.java:8239)
  com.github.javaparser.JavaParser.parse(JavaParser.java:123)
  com.github.javaparser.JavaParser.parseVariableDeclarationExpr(JavaParser.java:426)
  com.github.javaparser.StaticJavaParser.parseVariableDeclarationExpr(StaticJavaParser.java:364)
  com.jvmfuzzing.generator.VariableComponent.formatVarValue(VariableComponent.java:39)
  com.jvmfuzzing.generator.VariableComponent.<init>(VariableComponent.java:24)
  com.jvmfuzzing.generator.UnprimitiveGenerator.generateUnprimitive(UnprimitiveGenerator.java:146)
  com.jvmfuzzing.generator.VariableGenerater.generateDec(VariableGenerater.java:133)
  com.jvmfuzzing.apigetter.Mutator.replaceMethodCall(Mutator.java:232)
  com.jvmfuzzing.apigetter.Mutator.mutateInEachMethod(Mutator.java:129)
  com.jvmfuzzing.apigetter.Mutator.callMutator(Mutator.java:44)
  com.jvmfuzzing.mutation_by_all.Main.Insert(Main.java:168)
  com.jvmfuzzing.mutation_by_all.Main.Insert_Cov(Main.java:71)
  com.jvmfuzzing.mutation_by_all.Main.main(Main.java:454)

ERROR main com.jvmfuzzing.generator.VariableComponent - Object... argsa = null

Encountered unexpected token: "..." "..."
    at line 1, column 7.

Was expecting one of:

    "enum"
    "exports"
    "module"
    "open"
    "opens"
    "provides"
    "record"
    "requires"
    "strictfp"
    "to"
    "transitive"
    "uses"
    "with"
    "yield"
    <IDENTIFIER>

Problem stacktrace : 
  com.github.javaparser.GeneratedJavaParser.generateParseException(GeneratedJavaParser.java:13690)
  com.github.javaparser.GeneratedJavaParser.jj_consume_token(GeneratedJavaParser.java:13536)
  com.github.javaparser.GeneratedJavaParser.Identifier(GeneratedJavaParser.java:3364)
  com.github.javaparser.GeneratedJavaParser.SimpleName(GeneratedJavaParser.java:3262)
  com.github.javaparser.GeneratedJavaParser.VariableDeclaratorId(GeneratedJavaParser.java:1787)
  com.github.javaparser.GeneratedJavaParser.VariableDeclarator(GeneratedJavaParser.java:1743)
  com.github.javaparser.GeneratedJavaParser.VariableDeclarationExpression(GeneratedJavaParser.java:5782)
  com.github.javaparser.GeneratedJavaParser.VariableDeclarationExpressionParseStart(GeneratedJavaParser.java:8239)
  com.github.javaparser.JavaParser.parse(JavaParser.java:123)
  com.github.javaparser.JavaParser.parseVariableDeclarationExpr(JavaParser.java:426)
  com.github.javaparser.StaticJavaParser.parseVariableDeclarationExpr(StaticJavaParser.java:364)
  com.jvmfuzzing.generator.VariableComponent.formatVarValue(VariableComponent.java:39)
  com.jvmfuzzing.generator.VariableComponent.<init>(VariableComponent.java:24)
  com.jvmfuzzing.generator.UnprimitiveGenerator.generateUnprimitive(UnprimitiveGenerator.java:146)
  com.jvmfuzzing.generator.VariableGenerater.generateDec(VariableGenerater.java:133)
  com.jvmfuzzing.apigetter.Mutator.replaceMethodCall(Mutator.java:232)
  com.jvmfuzzing.apigetter.Mutator.mutateInEachMethod(Mutator.java:129)
  com.jvmfuzzing.apigetter.Mutator.callMutator(Mutator.java:44)
  com.jvmfuzzing.mutation_by_all.Main.Insert(Main.java:168)
  com.jvmfuzzing.mutation_by_all.Main.Insert_Cov(Main.java:71)
  com.jvmfuzzing.mutation_by_all.Main.main(Main.java:454)

ERROR main com.jvmfuzzing.generator.VariableComponent - Object... argsa = null

Encountered unexpected token: "..." "..."
    at line 1, column 7.

Was expecting one of:

    "enum"
    "exports"
    "module"
    "open"
    "opens"
    "provides"
    "record"
    "requires"
    "strictfp"
    "to"
    "transitive"
    "uses"
    "with"
    "yield"
    <IDENTIFIER>

Problem stacktrace : 
  com.github.javaparser.GeneratedJavaParser.generateParseException(GeneratedJavaParser.java:13690)
  com.github.javaparser.GeneratedJavaParser.jj_consume_token(GeneratedJavaParser.java:13536)
  com.github.javaparser.GeneratedJavaParser.Identifier(GeneratedJavaParser.java:3364)
  com.github.javaparser.GeneratedJavaParser.SimpleName(GeneratedJavaParser.java:3262)
  com.github.javaparser.GeneratedJavaParser.VariableDeclaratorId(GeneratedJavaParser.java:1787)
  com.github.javaparser.GeneratedJavaParser.VariableDeclarator(GeneratedJavaParser.java:1743)
  com.github.javaparser.GeneratedJavaParser.VariableDeclarationExpression(GeneratedJavaParser.java:5782)
  com.github.javaparser.GeneratedJavaParser.VariableDeclarationExpressionParseStart(GeneratedJavaParser.java:8239)
  com.github.javaparser.JavaParser.parse(JavaParser.java:123)
  com.github.javaparser.JavaParser.parseVariableDeclarationExpr(JavaParser.java:426)
  com.github.javaparser.StaticJavaParser.parseVariableDeclarationExpr(StaticJavaParser.java:364)
  com.jvmfuzzing.generator.VariableComponent.formatVarValue(VariableComponent.java:39)
  com.jvmfuzzing.generator.VariableComponent.<init>(VariableComponent.java:24)
  com.jvmfuzzing.generator.UnprimitiveGenerator.generateUnprimitive(UnprimitiveGenerator.java:146)
  com.jvmfuzzing.generator.VariableGenerater.generateDec(VariableGenerater.java:133)
  com.jvmfuzzing.apigetter.Mutator.replaceMethodCall(Mutator.java:232)
  com.jvmfuzzing.apigetter.Mutator.mutateInEachMethod(Mutator.java:129)
  com.jvmfuzzing.apigetter.Mutator.callMutator(Mutator.java:44)
  com.jvmfuzzing.mutation_by_all.Main.Insert(Main.java:168)
  com.jvmfuzzing.mutation_by_all.Main.Insert_Cov(Main.java:71)
  com.jvmfuzzing.mutation_by_all.Main.main(Main.java:454)

ERROR main com.jvmfuzzing.generator.VariableComponent - Object... argsa = null

Encountered unexpected token: "..." "..."
    at line 1, column 7.

Was expecting one of:

    "enum"
    "exports"
    "module"
    "open"
    "opens"
    "provides"
    "record"
    "requires"
    "strictfp"
    "to"
    "transitive"
    "uses"
    "with"
    "yield"
    <IDENTIFIER>

Problem stacktrace : 
  com.github.javaparser.GeneratedJavaParser.generateParseException(GeneratedJavaParser.java:13690)
  com.github.javaparser.GeneratedJavaParser.jj_consume_token(GeneratedJavaParser.java:13536)
  com.github.javaparser.GeneratedJavaParser.Identifier(GeneratedJavaParser.java:3364)
  com.github.javaparser.GeneratedJavaParser.SimpleName(GeneratedJavaParser.java:3262)
  com.github.javaparser.GeneratedJavaParser.VariableDeclaratorId(GeneratedJavaParser.java:1787)
  com.github.javaparser.GeneratedJavaParser.VariableDeclarator(GeneratedJavaParser.java:1743)
  com.github.javaparser.GeneratedJavaParser.VariableDeclarationExpression(GeneratedJavaParser.java:5782)
  com.github.javaparser.GeneratedJavaParser.VariableDeclarationExpressionParseStart(GeneratedJavaParser.java:8239)
  com.github.javaparser.JavaParser.parse(JavaParser.java:123)
  com.github.javaparser.JavaParser.parseVariableDeclarationExpr(JavaParser.java:426)
  com.github.javaparser.StaticJavaParser.parseVariableDeclarationExpr(StaticJavaParser.java:364)
  com.jvmfuzzing.generator.VariableComponent.formatVarValue(VariableComponent.java:39)
  com.jvmfuzzing.generator.VariableComponent.<init>(VariableComponent.java:24)
  com.jvmfuzzing.generator.UnprimitiveGenerator.generateUnprimitive(UnprimitiveGenerator.java:146)
  com.jvmfuzzing.generator.VariableGenerater.generateDec(VariableGenerater.java:133)
  com.jvmfuzzing.apigetter.Mutator.replaceMethodCall(Mutator.java:232)
  com.jvmfuzzing.apigetter.Mutator.mutateInEachMethod(Mutator.java:129)
  com.jvmfuzzing.apigetter.Mutator.callMutator(Mutator.java:44)
  com.jvmfuzzing.mutation_by_all.Main.Insert(Main.java:168)
  com.jvmfuzzing.mutation_by_all.Main.Insert_Cov(Main.java:71)
  com.jvmfuzzing.mutation_by_all.Main.main(Main.java:454)

ERROR main com.jvmfuzzing.generator.VariableComponent - Object... argsa = null

Encountered unexpected token: "..." "..."
    at line 1, column 7.

Was expecting one of:

    "enum"
    "exports"
    "module"
    "open"
    "opens"
    "provides"
    "record"
    "requires"
    "strictfp"
    "to"
    "transitive"
    "uses"
    "with"
    "yield"
    <IDENTIFIER>

Problem stacktrace : 
  com.github.javaparser.GeneratedJavaParser.generateParseException(GeneratedJavaParser.java:13690)
  com.github.javaparser.GeneratedJavaParser.jj_consume_token(GeneratedJavaParser.java:13536)
  com.github.javaparser.GeneratedJavaParser.Identifier(GeneratedJavaParser.java:3364)
  com.github.javaparser.GeneratedJavaParser.SimpleName(GeneratedJavaParser.java:3262)
  com.github.javaparser.GeneratedJavaParser.VariableDeclaratorId(GeneratedJavaParser.java:1787)
  com.github.javaparser.GeneratedJavaParser.VariableDeclarator(GeneratedJavaParser.java:1743)
  com.github.javaparser.GeneratedJavaParser.VariableDeclarationExpression(GeneratedJavaParser.java:5782)
  com.github.javaparser.GeneratedJavaParser.VariableDeclarationExpressionParseStart(GeneratedJavaParser.java:8239)
  com.github.javaparser.JavaParser.parse(JavaParser.java:123)
  com.github.javaparser.JavaParser.parseVariableDeclarationExpr(JavaParser.java:426)
  com.github.javaparser.StaticJavaParser.parseVariableDeclarationExpr(StaticJavaParser.java:364)
  com.jvmfuzzing.generator.VariableComponent.formatVarValue(VariableComponent.java:39)
  com.jvmfuzzing.generator.VariableComponent.<init>(VariableComponent.java:24)
  com.jvmfuzzing.generator.UnprimitiveGenerator.generateUnprimitive(UnprimitiveGenerator.java:146)
  com.jvmfuzzing.generator.VariableGenerater.generateDec(VariableGenerater.java:133)
  com.jvmfuzzing.apigetter.Mutator.replaceMethodCall(Mutator.java:232)
  com.jvmfuzzing.apigetter.Mutator.mutateInEachMethod(Mutator.java:129)
  com.jvmfuzzing.apigetter.Mutator.callMutator(Mutator.java:44)
  com.jvmfuzzing.mutation_by_all.Main.Insert(Main.java:168)
  com.jvmfuzzing.mutation_by_all.Main.Insert_Cov(Main.java:71)
  com.jvmfuzzing.mutation_by_all.Main.main(Main.java:454)

